2026-06-24 21:48:12,855 INFO o.a.j.u.JMeterUtils: Setting Locale to en_EN
2026-06-24 21:48:12,888 INFO o.a.j.JMeter: Loading user properties from: C:\Users\Timeyin.egbe\Documents\GitHub\campus-fix\jmeter-bin\apache-jmeter-5.6.3\bin\user.properties
2026-06-24 21:48:12,888 INFO o.a.j.JMeter: Loading system properties from: C:\Users\Timeyin.egbe\Documents\GitHub\campus-fix\jmeter-bin\apache-jmeter-5.6.3\bin\system.properties
2026-06-24 21:48:12,913 INFO o.a.j.JMeter: Copyright (c) 1998-2024 The Apache Software Foundation
2026-06-24 21:48:12,913 INFO o.a.j.JMeter: Version 5.6.3
2026-06-24 21:48:12,913 INFO o.a.j.JMeter: java.version=1.8.0_231
2026-06-24 21:48:12,913 INFO o.a.j.JMeter: java.vm.name=Java HotSpot(TM) Client VM
2026-06-24 21:48:12,913 INFO o.a.j.JMeter: os.name=Windows 10
2026-06-24 21:48:12,913 INFO o.a.j.JMeter: os.arch=x86
2026-06-24 21:48:12,913 INFO o.a.j.JMeter: os.version=10.0
2026-06-24 21:48:12,913 INFO o.a.j.JMeter: file.encoding=Cp1252
2026-06-24 21:48:12,913 INFO o.a.j.JMeter: java.awt.headless=true
2026-06-24 21:48:12,913 INFO o.a.j.JMeter: Max memory     =1073741824
2026-06-24 21:48:12,913 INFO o.a.j.JMeter: Available Processors =12
2026-06-24 21:48:12,925 INFO o.a.j.JMeter: Default Locale=English (EN)
2026-06-24 21:48:12,925 INFO o.a.j.JMeter: JMeter  Locale=English (EN)
2026-06-24 21:48:12,925 INFO o.a.j.JMeter: JMeterHome=C:\Users\Timeyin.egbe\Documents\GitHub\campus-fix\jmeter-bin\apache-jmeter-5.6.3
2026-06-24 21:48:12,925 INFO o.a.j.JMeter: user.dir  =C:\Users\Timeyin.egbe\Documents\GitHub\campus-fix
2026-06-24 21:48:12,930 INFO o.a.j.JMeter: PWD       =C:\Users\Timeyin.egbe\Documents\GitHub\campus-fix
2026-06-24 21:48:12,937 INFO o.a.j.JMeter: IP: 192.168.100.7 Name: WB-RT-L010901 FullName: WB-RT-L010901.wemabank.local
2026-06-24 21:48:12,996 INFO o.a.j.JMeter: Setting property 'jmeter.reportgenerator.outputdir' to:'C:\Users\Timeyin.egbe\Documents\GitHub\campus-fix\jmeter\report'
2026-06-24 21:48:13,011 INFO o.a.j.s.FileServer: Default base='C:\Users\Timeyin.egbe\Documents\GitHub\campus-fix'
2026-06-24 21:48:13,012 INFO o.a.j.s.FileServer: Set new base='C:\Users\Timeyin.egbe\Documents\GitHub\campus-fix\jmeter'
2026-06-24 21:48:13,558 INFO o.a.j.s.SaveService: Testplan (JMX) version: 2.2. Testlog (JTL) version: 2.2
2026-06-24 21:48:13,611 INFO o.a.j.s.SaveService: Using SaveService properties file encoding UTF-8
2026-06-24 21:48:13,824 INFO o.a.j.s.SaveService: Using SaveService properties version 5.0
2026-06-24 21:48:13,837 INFO o.a.j.s.SaveService: Loading file: jmeter\load-profile.jmx
2026-06-24 21:48:14,176 INFO o.a.j.p.h.c.CookieManager: Settings: Delete null: true Check: true Allow variable: true Save: false Prefix: COOKIE_
2026-06-24 21:48:14,225 INFO o.a.j.p.h.s.HTTPSamplerBase: Parser for text/html is org.apache.jmeter.protocol.http.parser.LagartoBasedHtmlParser
2026-06-24 21:48:14,225 INFO o.a.j.p.h.s.HTTPSamplerBase: Parser for application/xhtml+xml is org.apache.jmeter.protocol.http.parser.LagartoBasedHtmlParser
2026-06-24 21:48:14,225 INFO o.a.j.p.h.s.HTTPSamplerBase: Parser for application/xml is org.apache.jmeter.protocol.http.parser.LagartoBasedHtmlParser
2026-06-24 21:48:14,225 INFO o.a.j.p.h.s.HTTPSamplerBase: Parser for text/xml is org.apache.jmeter.protocol.http.parser.LagartoBasedHtmlParser
2026-06-24 21:48:14,225 INFO o.a.j.p.h.s.HTTPSamplerBase: Parser for text/vnd.wap.wml is org.apache.jmeter.protocol.http.parser.RegexpHTMLParser
2026-06-24 21:48:14,225 INFO o.a.j.p.h.s.HTTPSamplerBase: Parser for text/css is org.apache.jmeter.protocol.http.parser.CssParser
2026-06-24 21:48:14,727 INFO o.a.j.JMeter: Creating summariser <summary>
2026-06-24 21:48:14,743 INFO o.a.j.r.d.ReportGenerator: ReportGenerator will use for Parsing the separator: ','
2026-06-24 21:48:14,743 INFO o.a.j.r.d.ReportGenerator: Will generate report at end of test from  results file: jmeter/results.jtl
2026-06-24 21:48:14,743 INFO o.a.j.r.d.ReportGenerator: Reading report generator properties from: C:\Users\Timeyin.egbe\Documents\GitHub\campus-fix\jmeter-bin\apache-jmeter-5.6.3\bin\reportgenerator.properties
2026-06-24 21:48:14,750 INFO o.a.j.r.d.ReportGenerator: Merging with JMeter properties
2026-06-24 21:48:14,759 INFO o.a.j.r.c.ReportGeneratorConfiguration: Property 'jmeter.reportgenerator.temp_dir' not found, using default value 'temp' instead.
2026-06-24 21:48:14,770 INFO o.a.j.r.c.ReportGeneratorConfiguration: Property 'jmeter.reportgenerator.apdex_per_transaction' not found, using default value 'null' instead.
2026-06-24 21:48:14,770 INFO o.a.j.r.c.ReportGeneratorConfiguration: apdex_per_transaction is empty, not APDEX per transaction customization
2026-06-24 21:48:14,770 INFO o.a.j.r.c.ReportGeneratorConfiguration: Property 'jmeter.reportgenerator.sample_filter' not found, using default value 'null' instead.
2026-06-24 21:48:14,770 INFO o.a.j.r.c.ReportGeneratorConfiguration: Property 'jmeter.reportgenerator.report_title' not found, using default value 'null' instead.
2026-06-24 21:48:14,770 INFO o.a.j.r.c.ReportGeneratorConfiguration: Property 'jmeter.reportgenerator.start_date' not found, using default value 'null' instead.
2026-06-24 21:48:14,770 INFO o.a.j.r.c.ReportGeneratorConfiguration: Property 'jmeter.reportgenerator.end_date' not found, using default value 'null' instead.
2026-06-24 21:48:14,772 INFO o.a.j.r.c.ReportGeneratorConfiguration: Property 'jmeter.reportgenerator.date_format' not found, using default value 'null' instead.
2026-06-24 21:48:14,772 INFO o.a.j.r.c.ReportGeneratorConfiguration: Will use date range start date: null, end date: null
2026-06-24 21:48:14,783 INFO o.a.j.r.c.ReportGeneratorConfiguration: Property 'jmeter.reportgenerator.graph.totalTPS.exclude_controllers' not found, using default value 'false' instead.
2026-06-24 21:48:14,784 INFO o.a.j.r.c.ReportGeneratorConfiguration: Property 'jmeter.reportgenerator.graph.activeThreadsOverTime.exclude_controllers' not found, using default value 'false' instead.
2026-06-24 21:48:14,784 INFO o.a.j.r.c.ReportGeneratorConfiguration: Property 'jmeter.reportgenerator.graph.timeVsThreads.exclude_controllers' not found, using default value 'false' instead.
2026-06-24 21:48:14,784 INFO o.a.j.r.c.ReportGeneratorConfiguration: Property 'jmeter.reportgenerator.graph.responseTimeDistribution.exclude_controllers' not found, using default value 'false' instead.
2026-06-24 21:48:14,784 INFO o.a.j.r.c.ReportGeneratorConfiguration: Property 'jmeter.reportgenerator.graph.transactionsPerSecond.exclude_controllers' not found, using default value 'false' instead.
2026-06-24 21:48:14,784 INFO o.a.j.r.c.ReportGeneratorConfiguration: Property 'jmeter.reportgenerator.graph.responseTimePercentiles.exclude_controllers' not found, using default value 'false' instead.
2026-06-24 21:48:14,784 INFO o.a.j.r.c.ReportGeneratorConfiguration: Property 'jmeter.reportgenerator.graph.responseTimePercentilesOverTime.exclude_controllers' not found, using default value 'false' instead.
2026-06-24 21:48:14,784 INFO o.a.j.r.c.ReportGeneratorConfiguration: Property 'jmeter.reportgenerator.graph.responseTimesOverTime.exclude_controllers' not found, using default value 'false' instead.
2026-06-24 21:48:14,788 INFO o.a.j.r.c.ReportGeneratorConfiguration: Property 'jmeter.reportgenerator.graph.connectTimeOverTime.exclude_controllers' not found, using default value 'false' instead.
2026-06-24 21:48:14,788 INFO o.a.j.r.c.ReportGeneratorConfiguration: Property 'jmeter.reportgenerator.graph.latenciesOverTime.exclude_controllers' not found, using default value 'false' instead.
2026-06-24 21:48:14,792 INFO o.a.j.r.c.ReportGeneratorConfiguration: Property 'jmeter.reportgenerator.exporter.json.filters_only_sample_series' not found, using default value 'true' instead.
2026-06-24 21:48:14,792 INFO o.a.j.r.c.ReportGeneratorConfiguration: Property 'jmeter.reportgenerator.exporter.json.series_filter' not found, using default value '' instead.
2026-06-24 21:48:14,792 INFO o.a.j.r.c.ReportGeneratorConfiguration: Property 'jmeter.reportgenerator.exporter.json.show_controllers_only' not found, using default value 'false' instead.
2026-06-24 21:48:14,792 INFO o.a.j.r.c.ReportGeneratorConfiguration: Property 'jmeter.reportgenerator.exporter.html.filters_only_sample_series' not found, using default value 'true' instead.
2026-06-24 21:48:14,792 INFO o.a.j.r.c.ReportGeneratorConfiguration: Property 'jmeter.reportgenerator.exporter.html.series_filter' not found, using default value '' instead.
2026-06-24 21:48:14,792 INFO o.a.j.r.c.ReportGeneratorConfiguration: Property 'jmeter.reportgenerator.exporter.html.show_controllers_only' not found, using default value 'false' instead.
2026-06-24 21:48:14,811 INFO o.a.j.e.StandardJMeterEngine: Running the test!
2026-06-24 21:48:14,813 INFO o.a.j.s.SampleEvent: List of sample_variables: []
2026-06-24 21:48:14,813 INFO o.a.j.s.SampleEvent: List of sample_variables: []
2026-06-24 21:48:14,829 INFO o.a.j.e.u.CompoundVariable: Note: Function class names must contain the string: '.functions.'
2026-06-24 21:48:14,829 INFO o.a.j.e.u.CompoundVariable: Note: Function class names must not contain the string: '.gui.'
2026-06-24 21:48:15,595 INFO o.a.j.JMeter: Running test (1782334095595)
2026-06-24 21:48:15,692 INFO o.a.j.e.StandardJMeterEngine: Starting ThreadGroup: 1 : 20 Concurrent Operators
2026-06-24 21:48:15,692 INFO o.a.j.e.StandardJMeterEngine: Starting 20 threads for group 20 Concurrent Operators.
2026-06-24 21:48:15,692 INFO o.a.j.e.StandardJMeterEngine: Thread will continue on error
2026-06-24 21:48:15,692 INFO o.a.j.t.ThreadGroup: Starting thread group... number=1 threads=20 ramp-up=10 delayedStart=false
2026-06-24 21:48:15,723 INFO o.a.j.t.JMeterThread: Thread started: 20 Concurrent Operators 1-1
2026-06-24 21:48:15,759 INFO o.a.j.t.ThreadGroup: Started thread group number 1
2026-06-24 21:48:15,759 INFO o.a.j.e.StandardJMeterEngine: All thread groups have been started
2026-06-24 21:48:15,789 INFO o.a.j.p.h.s.HTTPHCAbstractImpl: Local host = WB-RT-L010901
2026-06-24 21:48:15,810 INFO o.a.j.p.h.s.HTTPHC4Impl: HTTP request retry count = 0
2026-06-24 21:48:15,815 INFO o.a.j.s.SampleResult: Note: Sample TimeStamps are START times
2026-06-24 21:48:15,815 INFO o.a.j.s.SampleResult: sampleresult.default.encoding is set to UTF-8
2026-06-24 21:48:15,815 INFO o.a.j.s.SampleResult: sampleresult.useNanoTime=true
2026-06-24 21:48:15,816 INFO o.a.j.s.SampleResult: sampleresult.nanoThreadSleep=5000
2026-06-24 21:48:16,211 INFO o.a.j.t.JMeterThread: Thread started: 20 Concurrent Operators 1-2
2026-06-24 21:48:16,706 INFO o.a.j.t.JMeterThread: Thread started: 20 Concurrent Operators 1-3
2026-06-24 21:48:17,208 INFO o.a.j.t.JMeterThread: Thread started: 20 Concurrent Operators 1-4
2026-06-24 21:48:17,724 INFO o.a.j.t.JMeterThread: Thread started: 20 Concurrent Operators 1-5
2026-06-24 21:48:18,197 INFO o.a.j.t.JMeterThread: Thread started: 20 Concurrent Operators 1-6
2026-06-24 21:48:18,695 INFO o.a.j.t.JMeterThread: Thread started: 20 Concurrent Operators 1-7
2026-06-24 21:48:19,195 INFO o.a.j.t.JMeterThread: Thread started: 20 Concurrent Operators 1-8
2026-06-24 21:48:19,697 INFO o.a.j.t.JMeterThread: Thread started: 20 Concurrent Operators 1-9
2026-06-24 21:48:20,200 INFO o.a.j.t.JMeterThread: Thread started: 20 Concurrent Operators 1-10
2026-06-24 21:48:20,701 INFO o.a.j.t.JMeterThread: Thread started: 20 Concurrent Operators 1-11
2026-06-24 21:48:21,196 INFO o.a.j.t.JMeterThread: Thread started: 20 Concurrent Operators 1-12
2026-06-24 21:48:21,696 INFO o.a.j.t.JMeterThread: Thread started: 20 Concurrent Operators 1-13
2026-06-24 21:48:22,201 INFO o.a.j.t.JMeterThread: Thread started: 20 Concurrent Operators 1-14
2026-06-24 21:48:22,696 INFO o.a.j.t.JMeterThread: Thread started: 20 Concurrent Operators 1-15
2026-06-24 21:48:23,197 INFO o.a.j.t.JMeterThread: Thread started: 20 Concurrent Operators 1-16
2026-06-24 21:48:23,696 INFO o.a.j.t.JMeterThread: Thread started: 20 Concurrent Operators 1-17
2026-06-24 21:48:24,195 INFO o.a.j.t.JMeterThread: Thread started: 20 Concurrent Operators 1-18
2026-06-24 21:48:24,696 INFO o.a.j.t.JMeterThread: Thread started: 20 Concurrent Operators 1-19
2026-06-24 21:48:25,207 INFO o.a.j.t.JMeterThread: Thread started: 20 Concurrent Operators 1-20
2026-06-24 21:48:25,545 WARN o.a.j.p.h.s.HTTPSamplerBase: Existing CookieManager HTTP Cookie Manager superseded by HTTP Cookie Manager
2026-06-24 21:48:25,685 WARN o.a.j.p.h.s.HTTPSamplerBase: Existing CookieManager HTTP Cookie Manager superseded by HTTP Cookie Manager
2026-06-24 21:48:25,691 WARN o.a.j.p.h.s.HTTPSamplerBase: Existing CookieManager HTTP Cookie Manager superseded by HTTP Cookie Manager
2026-06-24 21:48:25,695 WARN o.a.j.p.h.s.HTTPSamplerBase: Existing CookieManager HTTP Cookie Manager superseded by HTTP Cookie Manager
2026-06-24 21:48:25,697 WARN o.a.j.p.h.s.HTTPSamplerBase: Existing CookieManager HTTP Cookie Manager superseded by HTTP Cookie Manager
2026-06-24 21:48:26,089 WARN o.a.j.p.h.s.HTTPSamplerBase: Existing CookieManager HTTP Cookie Manager superseded by HTTP Cookie Manager
2026-06-24 21:48:26,089 WARN o.a.j.p.h.s.HTTPSamplerBase: Existing CookieManager HTTP Cookie Manager superseded by HTTP Cookie Manager
2026-06-24 21:48:26,089 WARN o.a.j.p.h.s.HTTPSamplerBase: Existing CookieManager HTTP Cookie Manager superseded by HTTP Cookie Manager
2026-06-24 21:48:26,097 WARN o.a.j.p.h.s.HTTPSamplerBase: Existing CookieManager HTTP Cookie Manager superseded by HTTP Cookie Manager
2026-06-24 21:48:26,097 WARN o.a.j.p.h.s.HTTPSamplerBase: Existing CookieManager HTTP Cookie Manager superseded by HTTP Cookie Manager
2026-06-24 21:48:26,485 WARN o.a.j.p.h.s.HTTPSamplerBase: Existing CookieManager HTTP Cookie Manager superseded by HTTP Cookie Manager
2026-06-24 21:48:26,485 WARN o.a.j.p.h.s.HTTPSamplerBase: Existing CookieManager HTTP Cookie Manager superseded by HTTP Cookie Manager
2026-06-24 21:48:26,485 WARN o.a.j.p.h.s.HTTPSamplerBase: Existing CookieManager HTTP Cookie Manager superseded by HTTP Cookie Manager
2026-06-24 21:48:27,153 WARN o.a.j.p.h.s.HTTPSamplerBase: Existing CookieManager HTTP Cookie Manager superseded by HTTP Cookie Manager
2026-06-24 21:48:27,902 WARN o.a.j.p.h.s.HTTPSamplerBase: Existing CookieManager HTTP Cookie Manager superseded by HTTP Cookie Manager
2026-06-24 21:48:27,932 WARN o.a.j.p.h.s.HTTPSamplerBase: Existing CookieManager HTTP Cookie Manager superseded by HTTP Cookie Manager
2026-06-24 21:48:27,932 WARN o.a.j.p.h.s.HTTPSamplerBase: Existing CookieManager HTTP Cookie Manager superseded by HTTP Cookie Manager
2026-06-24 21:48:27,934 WARN o.a.j.p.h.s.HTTPSamplerBase: Existing CookieManager HTTP Cookie Manager superseded by HTTP Cookie Manager
2026-06-24 21:48:27,956 WARN o.a.j.p.h.s.HTTPSamplerBase: Existing CookieManager HTTP Cookie Manager superseded by HTTP Cookie Manager
2026-06-24 21:48:27,956 WARN o.a.j.p.h.s.HTTPSamplerBase: Existing CookieManager HTTP Cookie Manager superseded by HTTP Cookie Manager
2026-06-24 21:48:27,958 WARN o.a.j.p.h.s.HTTPSamplerBase: Existing CookieManager HTTP Cookie Manager superseded by HTTP Cookie Manager
2026-06-24 21:48:27,976 WARN o.a.j.p.h.s.HTTPSamplerBase: Existing CookieManager HTTP Cookie Manager superseded by HTTP Cookie Manager
2026-06-24 21:48:27,976 WARN o.a.j.p.h.s.HTTPSamplerBase: Existing CookieManager HTTP Cookie Manager superseded by HTTP Cookie Manager
2026-06-24 21:48:27,982 WARN o.a.j.p.h.s.HTTPSamplerBase: Existing CookieManager HTTP Cookie Manager superseded by HTTP Cookie Manager
2026-06-24 21:48:27,984 WARN o.a.j.p.h.s.HTTPSamplerBase: Existing CookieManager HTTP Cookie Manager superseded by HTTP Cookie Manager
2026-06-24 21:48:27,984 WARN o.a.j.p.h.s.HTTPSamplerBase: Existing CookieManager HTTP Cookie Manager superseded by HTTP Cookie Manager
2026-06-24 21:48:27,984 WARN o.a.j.p.h.s.HTTPSamplerBase: Existing CookieManager HTTP Cookie Manager superseded by HTTP Cookie Manager
2026-06-24 21:48:28,004 WARN o.a.j.p.h.s.HTTPSamplerBase: Existing CookieManager HTTP Cookie Manager superseded by HTTP Cookie Manager
2026-06-24 21:48:28,005 WARN o.a.j.p.h.s.HTTPSamplerBase: Existing CookieManager HTTP Cookie Manager superseded by HTTP Cookie Manager
2026-06-24 21:48:28,013 WARN o.a.j.p.h.s.HTTPSamplerBase: Existing CookieManager HTTP Cookie Manager superseded by HTTP Cookie Manager
2026-06-24 21:48:28,013 WARN o.a.j.p.h.s.HTTPSamplerBase: Existing CookieManager HTTP Cookie Manager superseded by HTTP Cookie Manager
2026-06-24 21:48:28,023 WARN o.a.j.p.h.s.HTTPSamplerBase: Existing CookieManager HTTP Cookie Manager superseded by HTTP Cookie Manager
2026-06-24 21:48:30,125 INFO o.a.j.r.Summariser: summary +    129 in 00:00:15 =    8.9/s Avg:  1304 Min:    11 Max:  9585 Err:    13 (10.08%) Active: 20 Started: 20 Finished: 0
2026-06-24 21:48:30,288 WARN o.a.j.p.h.s.HTTPSamplerBase: Existing CookieManager HTTP Cookie Manager superseded by HTTP Cookie Manager
2026-06-24 21:48:30,288 WARN o.a.j.p.h.s.HTTPSamplerBase: Existing CookieManager HTTP Cookie Manager superseded by HTTP Cookie Manager
2026-06-24 21:48:30,305 WARN o.a.j.p.h.s.HTTPSamplerBase: Existing CookieManager HTTP Cookie Manager superseded by HTTP Cookie Manager
2026-06-24 21:48:30,305 WARN o.a.j.p.h.s.HTTPSamplerBase: Existing CookieManager HTTP Cookie Manager superseded by HTTP Cookie Manager
2026-06-24 21:48:30,313 WARN o.a.j.p.h.s.HTTPSamplerBase: Existing CookieManager HTTP Cookie Manager superseded by HTTP Cookie Manager
2026-06-24 21:48:30,315 WARN o.a.j.p.h.s.HTTPSamplerBase: Existing CookieManager HTTP Cookie Manager superseded by HTTP Cookie Manager
2026-06-24 21:48:30,318 WARN o.a.j.p.h.s.HTTPSamplerBase: Existing CookieManager HTTP Cookie Manager superseded by HTTP Cookie Manager
2026-06-24 21:48:30,338 WARN o.a.j.p.h.s.HTTPSamplerBase: Existing CookieManager HTTP Cookie Manager superseded by HTTP Cookie Manager
2026-06-24 21:48:30,338 WARN o.a.j.p.h.s.HTTPSamplerBase: Existing CookieManager HTTP Cookie Manager superseded by HTTP Cookie Manager
2026-06-24 21:48:30,346 WARN o.a.j.p.h.s.HTTPSamplerBase: Existing CookieManager HTTP Cookie Manager superseded by HTTP Cookie Manager
2026-06-24 21:48:30,346 WARN o.a.j.p.h.s.HTTPSamplerBase: Existing CookieManager HTTP Cookie Manager superseded by HTTP Cookie Manager
2026-06-24 21:48:30,350 WARN o.a.j.p.h.s.HTTPSamplerBase: Existing CookieManager HTTP Cookie Manager superseded by HTTP Cookie Manager
2026-06-24 21:48:30,371 WARN o.a.j.p.h.s.HTTPSamplerBase: Existing CookieManager HTTP Cookie Manager superseded by HTTP Cookie Manager
2026-06-24 21:48:30,371 WARN o.a.j.p.h.s.HTTPSamplerBase: Existing CookieManager HTTP Cookie Manager superseded by HTTP Cookie Manager
2026-06-24 21:48:30,371 WARN o.a.j.p.h.s.HTTPSamplerBase: Existing CookieManager HTTP Cookie Manager superseded by HTTP Cookie Manager
2026-06-24 21:48:30,371 WARN o.a.j.p.h.s.HTTPSamplerBase: Existing CookieManager HTTP Cookie Manager superseded by HTTP Cookie Manager
2026-06-24 21:48:30,371 WARN o.a.j.p.h.s.HTTPSamplerBase: Existing CookieManager HTTP Cookie Manager superseded by HTTP Cookie Manager
2026-06-24 21:48:30,388 WARN o.a.j.p.h.s.HTTPSamplerBase: Existing CookieManager HTTP Cookie Manager superseded by HTTP Cookie Manager
2026-06-24 21:48:32,695 WARN o.a.j.p.h.s.HTTPSamplerBase: Existing CookieManager HTTP Cookie Manager superseded by HTTP Cookie Manager
2026-06-24 21:48:32,695 WARN o.a.j.p.h.s.HTTPSamplerBase: Existing CookieManager HTTP Cookie Manager superseded by HTTP Cookie Manager
2026-06-24 21:48:32,714 WARN o.a.j.p.h.s.HTTPSamplerBase: Existing CookieManager HTTP Cookie Manager superseded by HTTP Cookie Manager
2026-06-24 21:48:32,714 WARN o.a.j.p.h.s.HTTPSamplerBase: Existing CookieManager HTTP Cookie Manager superseded by HTTP Cookie Manager
2026-06-24 21:48:32,716 WARN o.a.j.p.h.s.HTTPSamplerBase: Existing CookieManager HTTP Cookie Manager superseded by HTTP Cookie Manager
2026-06-24 21:48:32,716 WARN o.a.j.p.h.s.HTTPSamplerBase: Existing CookieManager HTTP Cookie Manager superseded by HTTP Cookie Manager
2026-06-24 21:48:32,717 WARN o.a.j.p.h.s.HTTPSamplerBase: Existing CookieManager HTTP Cookie Manager superseded by HTTP Cookie Manager
2026-06-24 21:48:32,717 WARN o.a.j.p.h.s.HTTPSamplerBase: Existing CookieManager HTTP Cookie Manager superseded by HTTP Cookie Manager
2026-06-24 21:48:32,717 WARN o.a.j.p.h.s.HTTPSamplerBase: Existing CookieManager HTTP Cookie Manager superseded by HTTP Cookie Manager
2026-06-24 21:48:32,717 WARN o.a.j.p.h.s.HTTPSamplerBase: Existing CookieManager HTTP Cookie Manager superseded by HTTP Cookie Manager
2026-06-24 21:48:32,742 WARN o.a.j.p.h.s.HTTPSamplerBase: Existing CookieManager HTTP Cookie Manager superseded by HTTP Cookie Manager
2026-06-24 21:48:32,742 WARN o.a.j.p.h.s.HTTPSamplerBase: Existing CookieManager HTTP Cookie Manager superseded by HTTP Cookie Manager
2026-06-24 21:48:32,742 WARN o.a.j.p.h.s.HTTPSamplerBase: Existing CookieManager HTTP Cookie Manager superseded by HTTP Cookie Manager
2026-06-24 21:48:32,742 WARN o.a.j.p.h.s.HTTPSamplerBase: Existing CookieManager HTTP Cookie Manager superseded by HTTP Cookie Manager
2026-06-24 21:48:32,742 WARN o.a.j.p.h.s.HTTPSamplerBase: Existing CookieManager HTTP Cookie Manager superseded by HTTP Cookie Manager
2026-06-24 21:48:32,763 WARN o.a.j.p.h.s.HTTPSamplerBase: Existing CookieManager HTTP Cookie Manager superseded by HTTP Cookie Manager
2026-06-24 21:48:32,763 WARN o.a.j.p.h.s.HTTPSamplerBase: Existing CookieManager HTTP Cookie Manager superseded by HTTP Cookie Manager
2026-06-24 21:48:32,763 WARN o.a.j.p.h.s.HTTPSamplerBase: Existing CookieManager HTTP Cookie Manager superseded by HTTP Cookie Manager
2026-06-24 21:48:32,766 WARN o.a.j.p.h.s.HTTPSamplerBase: Existing CookieManager HTTP Cookie Manager superseded by HTTP Cookie Manager
2026-06-24 21:48:34,941 INFO o.a.j.t.JMeterThread: Thread is done: 20 Concurrent Operators 1-3
2026-06-24 21:48:34,941 INFO o.a.j.t.JMeterThread: Thread finished: 20 Concurrent Operators 1-3
2026-06-24 21:48:34,976 INFO o.a.j.t.JMeterThread: Thread is done: 20 Concurrent Operators 1-2
2026-06-24 21:48:34,976 INFO o.a.j.t.JMeterThread: Thread finished: 20 Concurrent Operators 1-2
2026-06-24 21:48:34,976 INFO o.a.j.t.JMeterThread: Thread is done: 20 Concurrent Operators 1-8
2026-06-24 21:48:34,978 INFO o.a.j.t.JMeterThread: Thread finished: 20 Concurrent Operators 1-8
2026-06-24 21:48:34,995 INFO o.a.j.t.JMeterThread: Thread is done: 20 Concurrent Operators 1-4
2026-06-24 21:48:34,995 INFO o.a.j.t.JMeterThread: Thread finished: 20 Concurrent Operators 1-4
2026-06-24 21:48:34,996 INFO o.a.j.t.JMeterThread: Thread is done: 20 Concurrent Operators 1-10
2026-06-24 21:48:34,996 INFO o.a.j.t.JMeterThread: Thread finished: 20 Concurrent Operators 1-10
2026-06-24 21:48:34,996 INFO o.a.j.t.JMeterThread: Thread is done: 20 Concurrent Operators 1-13
2026-06-24 21:48:34,996 INFO o.a.j.t.JMeterThread: Thread finished: 20 Concurrent Operators 1-13
2026-06-24 21:48:34,996 INFO o.a.j.t.JMeterThread: Thread is done: 20 Concurrent Operators 1-12
2026-06-24 21:48:34,996 INFO o.a.j.t.JMeterThread: Thread finished: 20 Concurrent Operators 1-12
2026-06-24 21:48:35,000 INFO o.a.j.t.JMeterThread: Thread is done: 20 Concurrent Operators 1-16
2026-06-24 21:48:35,000 INFO o.a.j.t.JMeterThread: Thread finished: 20 Concurrent Operators 1-16
2026-06-24 21:48:35,022 WARN o.a.j.p.h.s.HTTPSamplerBase: Existing CookieManager HTTP Cookie Manager superseded by HTTP Cookie Manager
2026-06-24 21:48:35,022 WARN o.a.j.p.h.s.HTTPSamplerBase: Existing CookieManager HTTP Cookie Manager superseded by HTTP Cookie Manager
2026-06-24 21:48:35,022 WARN o.a.j.p.h.s.HTTPSamplerBase: Existing CookieManager HTTP Cookie Manager superseded by HTTP Cookie Manager
2026-06-24 21:48:35,033 WARN o.a.j.p.h.s.HTTPSamplerBase: Existing CookieManager HTTP Cookie Manager superseded by HTTP Cookie Manager
2026-06-24 21:48:35,033 WARN o.a.j.p.h.s.HTTPSamplerBase: Existing CookieManager HTTP Cookie Manager superseded by HTTP Cookie Manager
2026-06-24 21:48:35,033 WARN o.a.j.p.h.s.HTTPSamplerBase: Existing CookieManager HTTP Cookie Manager superseded by HTTP Cookie Manager
2026-06-24 21:48:35,041 WARN o.a.j.p.h.s.HTTPSamplerBase: Existing CookieManager HTTP Cookie Manager superseded by HTTP Cookie Manager
2026-06-24 21:48:35,041 WARN o.a.j.p.h.s.HTTPSamplerBase: Existing CookieManager HTTP Cookie Manager superseded by HTTP Cookie Manager
2026-06-24 21:48:35,043 WARN o.a.j.p.h.s.HTTPSamplerBase: Existing CookieManager HTTP Cookie Manager superseded by HTTP Cookie Manager
2026-06-24 21:48:35,043 WARN o.a.j.p.h.s.HTTPSamplerBase: Existing CookieManager HTTP Cookie Manager superseded by HTTP Cookie Manager
2026-06-24 21:48:36,697 INFO o.a.j.t.JMeterThread: Thread is done: 20 Concurrent Operators 1-18
2026-06-24 21:48:36,697 INFO o.a.j.t.JMeterThread: Thread finished: 20 Concurrent Operators 1-18
2026-06-24 21:48:36,697 INFO o.a.j.t.JMeterThread: Thread is done: 20 Concurrent Operators 1-7
2026-06-24 21:48:36,697 INFO o.a.j.t.JMeterThread: Thread finished: 20 Concurrent Operators 1-7
2026-06-24 21:48:36,705 INFO o.a.j.t.JMeterThread: Thread is done: 20 Concurrent Operators 1-19
2026-06-24 21:48:36,705 INFO o.a.j.t.JMeterThread: Thread finished: 20 Concurrent Operators 1-19
2026-06-24 21:48:36,705 INFO o.a.j.t.JMeterThread: Thread is done: 20 Concurrent Operators 1-17
2026-06-24 21:48:36,705 INFO o.a.j.t.JMeterThread: Thread finished: 20 Concurrent Operators 1-17
2026-06-24 21:48:36,705 INFO o.a.j.t.JMeterThread: Thread is done: 20 Concurrent Operators 1-6
2026-06-24 21:48:36,705 INFO o.a.j.t.JMeterThread: Thread finished: 20 Concurrent Operators 1-6
2026-06-24 21:48:36,707 INFO o.a.j.t.JMeterThread: Thread is done: 20 Concurrent Operators 1-5
2026-06-24 21:48:36,707 INFO o.a.j.t.JMeterThread: Thread finished: 20 Concurrent Operators 1-5
2026-06-24 21:48:36,707 INFO o.a.j.t.JMeterThread: Thread is done: 20 Concurrent Operators 1-20
2026-06-24 21:48:36,707 INFO o.a.j.t.JMeterThread: Thread is done: 20 Concurrent Operators 1-11
2026-06-24 21:48:36,707 INFO o.a.j.t.JMeterThread: Thread finished: 20 Concurrent Operators 1-20
2026-06-24 21:48:36,707 INFO o.a.j.t.JMeterThread: Thread finished: 20 Concurrent Operators 1-11
2026-06-24 21:48:36,711 INFO o.a.j.t.JMeterThread: Thread is done: 20 Concurrent Operators 1-1
2026-06-24 21:48:36,713 INFO o.a.j.t.JMeterThread: Thread finished: 20 Concurrent Operators 1-1
2026-06-24 21:48:36,713 INFO o.a.j.t.JMeterThread: Thread is done: 20 Concurrent Operators 1-14
2026-06-24 21:48:36,713 INFO o.a.j.t.JMeterThread: Thread finished: 20 Concurrent Operators 1-14
2026-06-24 21:48:36,713 INFO o.a.j.t.JMeterThread: Thread is done: 20 Concurrent Operators 1-15
2026-06-24 21:48:36,713 INFO o.a.j.t.JMeterThread: Thread finished: 20 Concurrent Operators 1-15
2026-06-24 21:48:36,713 WARN o.a.j.p.h.s.HTTPSamplerBase: Existing CookieManager HTTP Cookie Manager superseded by HTTP Cookie Manager
2026-06-24 21:48:36,952 INFO o.a.j.t.JMeterThread: Thread is done: 20 Concurrent Operators 1-9
2026-06-24 21:48:36,952 INFO o.a.j.t.JMeterThread: Thread finished: 20 Concurrent Operators 1-9
2026-06-24 21:48:36,952 INFO o.a.j.e.StandardJMeterEngine: Notifying test listeners of end of test
2026-06-24 21:48:36,954 INFO o.a.j.r.Summariser: summary +    171 in 00:00:07 =   25.0/s Avg:   834 Min:     8 Max:  5181 Err:     3 (1.75%) Active: 0 Started: 20 Finished: 20
2026-06-24 21:48:36,955 INFO o.a.j.r.Summariser: summary =    300 in 00:00:21 =   14.0/s Avg:  1036 Min:     8 Max:  9585 Err:    16 (5.33%)
2026-06-24 21:48:36,955 INFO o.a.j.JMeter: Generating Dashboard
2026-06-24 21:48:36,955 INFO o.a.j.r.d.ReportGenerator: Flushing result collector before report Generation
2026-06-24 21:48:36,971 INFO o.a.j.r.p.NormalizerSampleConsumer: Using format, 'ms', to parse timeStamp field
2026-06-24 21:48:37,693 INFO o.a.j.r.p.AbstractSampleConsumer: class org.apache.jmeter.report.processor.AggregateConsumer#stopProducing(): beginDate produced 0 samples
2026-06-24 21:48:37,693 INFO o.a.j.r.p.AbstractSampleConsumer: class org.apache.jmeter.report.processor.AggregateConsumer#stopProducing(): endDate produced 0 samples
2026-06-24 21:48:37,693 INFO o.a.j.r.p.AbstractSampleConsumer: class org.apache.jmeter.report.processor.ApdexSummaryConsumer#stopProducing(): apdexSummary produced 0 samples
2026-06-24 21:48:37,693 INFO o.a.j.r.p.AbstractSampleConsumer: class org.apache.jmeter.report.processor.RequestsSummaryConsumer#stopProducing(): requestsSummary produced 0 samples
2026-06-24 21:48:37,701 INFO o.a.j.r.p.AbstractSampleConsumer: class org.apache.jmeter.report.processor.StatisticsSummaryConsumer#stopProducing(): statisticsSummary produced 0 samples
2026-06-24 21:48:37,709 INFO o.a.j.r.p.AbstractSampleConsumer: class org.apache.jmeter.report.processor.Top5ErrorsBySamplerConsumer#stopProducing(): top5ErrorsBySampler produced 0 samples
2026-06-24 21:48:37,709 INFO o.a.j.r.p.AbstractSampleConsumer: class org.apache.jmeter.report.processor.ErrorsSummaryConsumer#stopProducing(): errorsSummary produced 0 samples
2026-06-24 21:48:37,709 INFO o.a.j.r.p.AbstractSampleConsumer: class org.apache.jmeter.report.processor.graph.impl.HitsPerSecondGraphConsumer#stopProducing(): hitsPerSecond produced 0 samples
2026-06-24 21:48:37,737 INFO o.a.j.r.p.AbstractSampleConsumer: class org.apache.jmeter.report.processor.graph.impl.LatencyVSRequestGraphConsumer#stopProducing(): latencyVsRequest produced 0 samples
2026-06-24 21:48:37,737 INFO o.a.j.r.p.AbstractSampleConsumer: class org.apache.jmeter.report.processor.graph.impl.SyntheticResponseTimeDistributionGraphConsumer#stopProducing(): syntheticResponseTimeDistribution produced 0 samples
2026-06-24 21:48:37,737 INFO o.a.j.r.p.AbstractSampleConsumer: class org.apache.jmeter.report.processor.graph.impl.BytesThroughputGraphConsumer#stopProducing(): bytesThroughputOverTime produced 0 samples
2026-06-24 21:48:37,737 INFO o.a.j.r.p.AbstractSampleConsumer: class org.apache.jmeter.report.processor.graph.impl.CodesPerSecondGraphConsumer#stopProducing(): codesPerSecond produced 0 samples
2026-06-24 21:48:37,746 INFO o.a.j.r.p.AbstractSampleConsumer: class org.apache.jmeter.report.processor.graph.impl.ResponseTimeVSRequestGraphConsumer#stopProducing(): responseTimeVsRequest produced 0 samples
2026-06-24 21:48:37,746 INFO o.a.j.r.p.AbstractSampleConsumer: class org.apache.jmeter.report.processor.FilterConsumer#stopProducing(): startIntervalControlerFilter produced 3500 samples
2026-06-24 21:48:37,746 INFO o.a.j.r.p.AbstractSampleConsumer: class org.apache.jmeter.report.processor.graph.impl.TotalTPSGraphConsumer#stopProducing(): totalTPS produced 0 samples
2026-06-24 21:48:37,746 INFO o.a.j.r.p.AbstractSampleConsumer: class org.apache.jmeter.report.processor.graph.impl.ActiveThreadsGraphConsumer#stopProducing(): activeThreadsOverTime produced 0 samples
2026-06-24 21:48:37,746 INFO o.a.j.r.p.AbstractSampleConsumer: class org.apache.jmeter.report.processor.graph.impl.TimeVSThreadGraphConsumer#stopProducing(): timeVsThreads produced 0 samples
2026-06-24 21:48:37,746 INFO o.a.j.r.p.AbstractSampleConsumer: class org.apache.jmeter.report.processor.graph.impl.ResponseTimeDistributionGraphConsumer#stopProducing(): responseTimeDistribution produced 0 samples
2026-06-24 21:48:37,746 INFO o.a.j.r.p.AbstractSampleConsumer: class org.apache.jmeter.report.processor.graph.impl.TransactionsPerSecondGraphConsumer#stopProducing(): transactionsPerSecond produced 0 samples
2026-06-24 21:48:37,746 INFO o.a.j.r.p.AbstractSampleConsumer: class org.apache.jmeter.report.processor.graph.impl.ResponseTimePercentilesGraphConsumer#stopProducing(): responseTimePercentiles produced 0 samples
2026-06-24 21:48:37,746 INFO o.a.j.r.p.AbstractSampleConsumer: class org.apache.jmeter.report.processor.graph.impl.ResponseTimePercentilesOverTimeGraphConsumer#stopProducing(): responseTimePercentilesOverTime produced 0 samples
2026-06-24 21:48:37,751 INFO o.a.j.r.p.AbstractSampleConsumer: class org.apache.jmeter.report.processor.graph.impl.ResponseTimeOverTimeGraphConsumer#stopProducing(): responseTimesOverTime produced 0 samples
2026-06-24 21:48:37,751 INFO o.a.j.r.p.AbstractSampleConsumer: class org.apache.jmeter.report.processor.graph.impl.ConnectTimeOverTimeGraphConsumer#stopProducing(): connectTimeOverTime produced 0 samples
2026-06-24 21:48:37,751 INFO o.a.j.r.p.AbstractSampleConsumer: class org.apache.jmeter.report.processor.graph.impl.LatencyOverTimeGraphConsumer#stopProducing(): latenciesOverTime produced 0 samples
2026-06-24 21:48:37,751 INFO o.a.j.r.p.AbstractSampleConsumer: class org.apache.jmeter.report.processor.FilterConsumer#stopProducing(): nameFilter produced 7500 samples
2026-06-24 21:48:37,751 INFO o.a.j.r.p.AbstractSampleConsumer: class org.apache.jmeter.report.processor.FilterConsumer#stopProducing(): dateRangeFilter produced 1500 samples
2026-06-24 21:48:37,751 INFO o.a.j.r.p.AbstractSampleConsumer: class org.apache.jmeter.report.processor.NormalizerSampleConsumer#stopProducing(): normalizer produced 500 samples
2026-06-24 21:48:37,751 INFO o.a.j.r.p.CsvFileSampleSource: produce(): 500 samples produced in 732ms on channel 0
2026-06-24 21:48:37,753 INFO o.a.j.r.d.ReportGenerator: Exporting data using exporter:'json' of className:'org.apache.jmeter.report.dashboard.JsonExporter'
2026-06-24 21:48:37,925 INFO o.a.j.r.d.JsonExporter: Found data for consumer statisticsSummary in context
2026-06-24 21:48:37,925 INFO o.a.j.r.d.JsonExporter: Creating statistics for overall
2026-06-24 21:48:37,925 INFO o.a.j.r.d.JsonExporter: Creating statistics for other transactions
2026-06-24 21:48:37,925 INFO o.a.j.r.d.JsonExporter: Checking output folder
2026-06-24 21:48:37,925 INFO o.a.j.r.d.JsonExporter: Writing statistics JSON to C:\Users\Timeyin.egbe\Documents\GitHub\campus-fix\jmeter\report\statistics.json
2026-06-24 21:48:37,998 INFO o.a.j.r.d.ReportGenerator: Exporting data using exporter:'html' of className:'org.apache.jmeter.report.dashboard.HtmlTemplateExporter'
2026-06-24 21:48:37,998 INFO o.a.j.r.d.HtmlTemplateExporter: Will generate dashboard in folder: C:\Users\Timeyin.egbe\Documents\GitHub\campus-fix\jmeter\report
2026-06-24 21:48:38,246 INFO o.a.j.r.d.HtmlTemplateExporter: Report will be generated in: C:\Users\Timeyin.egbe\Documents\GitHub\campus-fix\jmeter\report, creating folder structure
2026-06-24 21:48:38,246 INFO o.a.j.r.d.TemplateVisitor: Copying folder from 'C:\Users\Timeyin.egbe\Documents\GitHub\campus-fix\jmeter-bin\apache-jmeter-5.6.3\bin\report-template' to 'C:\Users\Timeyin.egbe\Documents\GitHub\campus-fix\jmeter\report', got message: C:\Users\Timeyin.egbe\Documents\GitHub\campus-fix\jmeter\report, found non empty folder with following content [C:\Users\Timeyin.egbe\Documents\GitHub\campus-fix\jmeter\report\statistics.json], will be ignored
2026-06-24 21:48:39,203 INFO o.a.j.JMeter: Dashboard generated
